
timer_interrupt.elf:     file format elf32-littlearm


Disassembly of section .text:

00008000 <main>:
    8000:	e59fd05c 	ldr	sp, [pc, #92]	; 8064 <DONE_LED+0xc>
    8004:	e28ddc01 	add	sp, sp, #256	; 0x100
    8008:	eb000018 	bl	8070 <led_init>
    800c:	eb000022 	bl	809c <led_off>
    8010:	eb000027 	bl	80b4 <led_on>
    8014:	eb000044 	bl	812c <irq_init>
    8018:	e59f0048 	ldr	r0, [pc, #72]	; 8068 <DONE_LED+0x10>
    801c:	eb00002d 	bl	80d8 <timer1_next_event>
    8020:	eb00003d 	bl	811c <irq_enable>

00008024 <LOOP>:
    8024:	eafffffe 	b	8024 <LOOP>

00008028 <irq_handler>:
    8028:	e92d4003 	push	{r0, r1, lr}
    802c:	e59f0038 	ldr	r0, [pc, #56]	; 806c <DONE_LED+0x14>
    8030:	e5901000 	ldr	r1, [r0]
    8034:	e3110001 	tst	r1, #1
    8038:	1a000003 	bne	804c <OFF>
    803c:	eb00001c 	bl	80b4 <led_on>
    8040:	e3a01001 	mov	r1, #1
    8044:	e5801000 	str	r1, [r0]
    8048:	ea000002 	b	8058 <DONE_LED>

0000804c <OFF>:
    804c:	eb000012 	bl	809c <led_off>
    8050:	e3a01000 	mov	r1, #0
    8054:	e5801000 	str	r1, [r0]

00008058 <DONE_LED>:
    8058:	e59f0008 	ldr	r0, [pc, #8]	; 8068 <DONE_LED+0x10>
    805c:	eb00001d 	bl	80d8 <timer1_next_event>
    8060:	e8bd8003 	pop	{r0, r1, pc}
    8064:	000081c5 	andeq	r8, r0, r5, asr #3
    8068:	000f4240 	andeq	r4, pc, r0, asr #4
    806c:	000081c4 	andeq	r8, r0, r4, asr #3

00008070 <led_init>:
    8070:	e92d400f 	push	{r0, r1, r2, r3, lr}
    8074:	e59f0050 	ldr	r0, [pc, #80]	; 80cc <led_on+0x18>
    8078:	e5901000 	ldr	r1, [r0]
    807c:	e3a02003 	mov	r2, #3
    8080:	e1e02982 	mvn	r2, r2, lsl #19
    8084:	e0011002 	and	r1, r1, r2
    8088:	e3a02001 	mov	r2, #1
    808c:	e1a02902 	lsl	r2, r2, #18
    8090:	e1811002 	orr	r1, r1, r2
    8094:	e5801000 	str	r1, [r0]
    8098:	e8bd800f 	pop	{r0, r1, r2, r3, pc}

0000809c <led_off>:
    809c:	e92d4005 	push	{r0, r2, lr}
    80a0:	e3a02001 	mov	r2, #1
    80a4:	e1a02802 	lsl	r2, r2, #16
    80a8:	e59f0020 	ldr	r0, [pc, #32]	; 80d0 <led_on+0x1c>
    80ac:	e5802000 	str	r2, [r0]
    80b0:	e8bd8005 	pop	{r0, r2, pc}

000080b4 <led_on>:
    80b4:	e92d4005 	push	{r0, r2, lr}
    80b8:	e3a02001 	mov	r2, #1
    80bc:	e1a02802 	lsl	r2, r2, #16
    80c0:	e59f000c 	ldr	r0, [pc, #12]	; 80d4 <led_on+0x20>
    80c4:	e5802000 	str	r2, [r0]
    80c8:	e8bd8005 	pop	{r0, r2, pc}
    80cc:	20200004 	eorcs	r0, r0, r4
    80d0:	2020001c 	eorcs	r0, r0, ip, lsl r0
    80d4:	20200028 	eorcs	r0, r0, r8, lsr #32

000080d8 <timer1_next_event>:
    80d8:	e92d400f 	push	{r0, r1, r2, r3, lr}
    80dc:	e59f1028 	ldr	r1, [pc, #40]	; 810c <timer1_next_event+0x34>
    80e0:	e5912000 	ldr	r2, [r1]
    80e4:	e0822000 	add	r2, r2, r0
    80e8:	e59f1020 	ldr	r1, [pc, #32]	; 8110 <timer1_next_event+0x38>
    80ec:	e5812000 	str	r2, [r1]
    80f0:	e59f101c 	ldr	r1, [pc, #28]	; 8114 <timer1_next_event+0x3c>
    80f4:	e3a03002 	mov	r3, #2
    80f8:	e5813000 	str	r3, [r1]
    80fc:	e59f1014 	ldr	r1, [pc, #20]	; 8118 <timer1_next_event+0x40>
    8100:	e3a03002 	mov	r3, #2
    8104:	e5813000 	str	r3, [r1]
    8108:	e8bd800f 	pop	{r0, r1, r2, r3, pc}
    810c:	20003004 	andcs	r3, r0, r4
    8110:	20003010 	andcs	r3, r0, r0, lsl r0
    8114:	20003000 	andcs	r3, r0, r0
    8118:	2000b210 	andcs	fp, r0, r0, lsl r2

0000811c <irq_enable>:
    811c:	e10f0000 	mrs	r0, CPSR
    8120:	e3c00080 	bic	r0, r0, #128	; 0x80
    8124:	e121f000 	msr	CPSR_c, r0
    8128:	e12fff1e 	bx	lr

0000812c <irq_init>:
    812c:	e3a00018 	mov	r0, #24
    8130:	e5904000 	ldr	r4, [r0]
    8134:	e59f1030 	ldr	r1, [pc, #48]	; 816c <BTLDR_IRQ_ADDRESS+0x4>
    8138:	e0044001 	and	r4, r4, r1
    813c:	e3a00020 	mov	r0, #32
    8140:	e0844000 	add	r4, r4, r0
    8144:	e5941000 	ldr	r1, [r4]
    8148:	e58f1018 	str	r1, [pc, #24]	; 8168 <BTLDR_IRQ_ADDRESS>
    814c:	e59f101c 	ldr	r1, [pc, #28]	; 8170 <BTLDR_IRQ_ADDRESS+0x8>
    8150:	e5841000 	str	r1, [r4]
    8154:	e12fff1e 	bx	lr

00008158 <INTR_DIRECTOR>:
    8158:	e92d5fff 	push	{r0, r1, r2, r3, r4, r5, r6, r7, r8, r9, sl, fp, ip, lr}
    815c:	ebffffb1 	bl	8028 <irq_handler>
    8160:	e8bd5fff 	pop	{r0, r1, r2, r3, r4, r5, r6, r7, r8, r9, sl, fp, ip, lr}
    8164:	e25ef004 	subs	pc, lr, #4

00008168 <BTLDR_IRQ_ADDRESS>:
    8168:	00000000 	andeq	r0, r0, r0
    816c:	00000fff 	strdeq	r0, [r0], -pc
    8170:	00008158 	andeq	r8, r0, r8, asr r1

00008174 <_start>:
    8174:	e59ff018 	ldr	pc, [pc, #24]	; 8194 <reset_handler>
    8178:	e59ff018 	ldr	pc, [pc, #24]	; 8198 <undefined_handler>
    817c:	e59ff018 	ldr	pc, [pc, #24]	; 819c <swi_handler>
    8180:	e59ff018 	ldr	pc, [pc, #24]	; 81a0 <prefetch_handler>
    8184:	e59ff018 	ldr	pc, [pc, #24]	; 81a4 <data_handler>
    8188:	e59ff018 	ldr	pc, [pc, #24]	; 81a8 <unused_handler>
    818c:	e59ff018 	ldr	pc, [pc, #24]	; 81ac <irq_handler>
    8190:	e59ff018 	ldr	pc, [pc, #24]	; 81b0 <fiq_handler>

00008194 <reset_handler>:
    8194:	000081b4 	undefined instruction 0x000081b4

00008198 <undefined_handler>:
    8198:	000081bc 	undefined instruction 0x000081bc

0000819c <swi_handler>:
    819c:	000081bc 	undefined instruction 0x000081bc

000081a0 <prefetch_handler>:
    81a0:	000081bc 	undefined instruction 0x000081bc

000081a4 <data_handler>:
    81a4:	000081bc 	undefined instruction 0x000081bc

000081a8 <unused_handler>:
    81a8:	000081bc 	undefined instruction 0x000081bc

000081ac <irq_handler>:
    81ac:	000081c0 	andeq	r8, r0, r0, asr #3

000081b0 <fiq_handler>:
    81b0:	000081bc 	undefined instruction 0x000081bc

000081b4 <reset>:
    81b4:	e3a0d902 	mov	sp, #32768	; 0x8000
    81b8:	ebffff90 	bl	8000 <main>

000081bc <hang>:
    81bc:	eafffffe 	b	81bc <hang>

000081c0 <irq>:
    81c0:	eafffffe 	b	81c0 <irq>

Disassembly of section .data:

000081c4 <LED_STATE>:
	...

000081c5 <STACK>:
	...

Disassembly of section .ARM.attributes:

00000000 <.ARM.attributes>:
   0:	00000f41 	andeq	r0, r0, r1, asr #30
   4:	61656100 	cmnvs	r5, r0, lsl #2
   8:	01006962 	tsteq	r0, r2, ror #18
   c:	00000005 	andeq	r0, r0, r5

Disassembly of section .stab:

00000000 <.stab>:
   0:	00000001 	andeq	r0, r0, r1
   4:	00660000 	rsbeq	r0, r6, r0
   8:	00000078 	andeq	r0, r0, r8, ror r0
   c:	00000013 	andeq	r0, r0, r3, lsl r0
  10:	00000064 	andeq	r0, r0, r4, rrx
  14:	00008000 	andeq	r8, r0, r0
  18:	00000001 	andeq	r0, r0, r1
  1c:	00000064 	andeq	r0, r0, r4, rrx
  20:	00008000 	andeq	r8, r0, r0
  24:	00000000 	andeq	r0, r0, r0
  28:	000c0044 	andeq	r0, ip, r4, asr #32
  2c:	00008000 	andeq	r8, r0, r0
  30:	00000000 	andeq	r0, r0, r0
  34:	000d0044 	andeq	r0, sp, r4, asr #32
  38:	00008004 	andeq	r8, r0, r4
  3c:	00000000 	andeq	r0, r0, r0
  40:	000e0044 	andeq	r0, lr, r4, asr #32
  44:	00008008 	andeq	r8, r0, r8
  48:	00000000 	andeq	r0, r0, r0
  4c:	000f0044 	andeq	r0, pc, r4, asr #32
  50:	0000800c 	andeq	r8, r0, ip
  54:	00000000 	andeq	r0, r0, r0
  58:	00100044 	andseq	r0, r0, r4, asr #32
  5c:	00008010 	andeq	r8, r0, r0, lsl r0
  60:	00000000 	andeq	r0, r0, r0
  64:	00110044 	andseq	r0, r1, r4, asr #32
  68:	00008014 	andeq	r8, r0, r4, lsl r0
  6c:	00000000 	andeq	r0, r0, r0
  70:	00120044 	andseq	r0, r2, r4, asr #32
  74:	00008018 	andeq	r8, r0, r8, lsl r0
  78:	00000000 	andeq	r0, r0, r0
  7c:	00130044 	andseq	r0, r3, r4, asr #32
  80:	0000801c 	andeq	r8, r0, ip, lsl r0
  84:	00000000 	andeq	r0, r0, r0
  88:	00140044 	andseq	r0, r4, r4, asr #32
  8c:	00008020 	andeq	r8, r0, r0, lsr #32
  90:	00000000 	andeq	r0, r0, r0
  94:	00170044 	andseq	r0, r7, r4, asr #32
  98:	00008024 	andeq	r8, r0, r4, lsr #32
  9c:	00000000 	andeq	r0, r0, r0
  a0:	001b0044 	andseq	r0, fp, r4, asr #32
  a4:	00008028 	andeq	r8, r0, r8, lsr #32
  a8:	00000000 	andeq	r0, r0, r0
  ac:	001c0044 	andseq	r0, ip, r4, asr #32
  b0:	0000802c 	andeq	r8, r0, ip, lsr #32
  b4:	00000000 	andeq	r0, r0, r0
  b8:	001d0044 	andseq	r0, sp, r4, asr #32
  bc:	00008030 	andeq	r8, r0, r0, lsr r0
  c0:	00000000 	andeq	r0, r0, r0
  c4:	001e0044 	andseq	r0, lr, r4, asr #32
  c8:	00008034 	andeq	r8, r0, r4, lsr r0
  cc:	00000000 	andeq	r0, r0, r0
  d0:	001f0044 	andseq	r0, pc, r4, asr #32
  d4:	00008038 	andeq	r8, r0, r8, lsr r0
  d8:	00000000 	andeq	r0, r0, r0
  dc:	00200044 	eoreq	r0, r0, r4, asr #32
  e0:	0000803c 	andeq	r8, r0, ip, lsr r0
  e4:	00000000 	andeq	r0, r0, r0
  e8:	00210044 	eoreq	r0, r1, r4, asr #32
  ec:	00008040 	andeq	r8, r0, r0, asr #32
  f0:	00000000 	andeq	r0, r0, r0
  f4:	00220044 	eoreq	r0, r2, r4, asr #32
  f8:	00008044 	andeq	r8, r0, r4, asr #32
  fc:	00000000 	andeq	r0, r0, r0
 100:	00230044 	eoreq	r0, r3, r4, asr #32
 104:	00008048 	andeq	r8, r0, r8, asr #32
 108:	00000000 	andeq	r0, r0, r0
 10c:	00250044 	eoreq	r0, r5, r4, asr #32
 110:	0000804c 	andeq	r8, r0, ip, asr #32
 114:	00000000 	andeq	r0, r0, r0
 118:	00260044 	eoreq	r0, r6, r4, asr #32
 11c:	00008050 	andeq	r8, r0, r0, asr r0
 120:	00000000 	andeq	r0, r0, r0
 124:	00270044 	eoreq	r0, r7, r4, asr #32
 128:	00008054 	andeq	r8, r0, r4, asr r0
 12c:	00000000 	andeq	r0, r0, r0
 130:	00290044 	eoreq	r0, r9, r4, asr #32
 134:	00008058 	andeq	r8, r0, r8, asr r0
 138:	00000000 	andeq	r0, r0, r0
 13c:	002a0044 	eoreq	r0, sl, r4, asr #32
 140:	0000805c 	andeq	r8, r0, ip, asr r0
 144:	00000000 	andeq	r0, r0, r0
 148:	002b0044 	eoreq	r0, fp, r4, asr #32
 14c:	00008060 	andeq	r8, r0, r0, rrx
 150:	00000013 	andeq	r0, r0, r3, lsl r0
 154:	00000064 	andeq	r0, r0, r4, rrx
 158:	00008070 	andeq	r8, r0, r0, ror r0
 15c:	00000056 	andeq	r0, r0, r6, asr r0
 160:	00000064 	andeq	r0, r0, r4, rrx
 164:	00008070 	andeq	r8, r0, r0, ror r0
 168:	00000000 	andeq	r0, r0, r0
 16c:	00110044 	andseq	r0, r1, r4, asr #32
 170:	00008070 	andeq	r8, r0, r0, ror r0
 174:	00000000 	andeq	r0, r0, r0
 178:	00120044 	andseq	r0, r2, r4, asr #32
 17c:	00008074 	andeq	r8, r0, r4, ror r0
 180:	00000000 	andeq	r0, r0, r0
 184:	00130044 	andseq	r0, r3, r4, asr #32
 188:	00008078 	andeq	r8, r0, r8, ror r0
 18c:	00000000 	andeq	r0, r0, r0
 190:	00150044 	andseq	r0, r5, r4, asr #32
 194:	0000807c 	andeq	r8, r0, ip, ror r0
 198:	00000000 	andeq	r0, r0, r0
 19c:	00160044 	andseq	r0, r6, r4, asr #32
 1a0:	00008080 	andeq	r8, r0, r0, lsl #1
 1a4:	00000000 	andeq	r0, r0, r0
 1a8:	00170044 	andseq	r0, r7, r4, asr #32
 1ac:	00008084 	andeq	r8, r0, r4, lsl #1
 1b0:	00000000 	andeq	r0, r0, r0
 1b4:	00190044 	andseq	r0, r9, r4, asr #32
 1b8:	00008088 	andeq	r8, r0, r8, lsl #1
 1bc:	00000000 	andeq	r0, r0, r0
 1c0:	001a0044 	andseq	r0, sl, r4, asr #32
 1c4:	0000808c 	andeq	r8, r0, ip, lsl #1
 1c8:	00000000 	andeq	r0, r0, r0
 1cc:	001b0044 	andseq	r0, fp, r4, asr #32
 1d0:	00008090 	muleq	r0, r0, r0
 1d4:	00000000 	andeq	r0, r0, r0
 1d8:	001c0044 	andseq	r0, ip, r4, asr #32
 1dc:	00008094 	muleq	r0, r4, r0
 1e0:	00000000 	andeq	r0, r0, r0
 1e4:	001d0044 	andseq	r0, sp, r4, asr #32
 1e8:	00008098 	muleq	r0, r8, r0
 1ec:	00000000 	andeq	r0, r0, r0
 1f0:	00220044 	eoreq	r0, r2, r4, asr #32
 1f4:	0000809c 	muleq	r0, ip, r0
 1f8:	00000000 	andeq	r0, r0, r0
 1fc:	00230044 	eoreq	r0, r3, r4, asr #32
 200:	000080a0 	andeq	r8, r0, r0, lsr #1
 204:	00000000 	andeq	r0, r0, r0
 208:	00240044 	eoreq	r0, r4, r4, asr #32
 20c:	000080a4 	andeq	r8, r0, r4, lsr #1
 210:	00000000 	andeq	r0, r0, r0
 214:	00250044 	eoreq	r0, r5, r4, asr #32
 218:	000080a8 	andeq	r8, r0, r8, lsr #1
 21c:	00000000 	andeq	r0, r0, r0
 220:	00260044 	eoreq	r0, r6, r4, asr #32
 224:	000080ac 	andeq	r8, r0, ip, lsr #1
 228:	00000000 	andeq	r0, r0, r0
 22c:	00270044 	eoreq	r0, r7, r4, asr #32
 230:	000080b0 	strheq	r8, [r0], -r0
 234:	00000000 	andeq	r0, r0, r0
 238:	002b0044 	eoreq	r0, fp, r4, asr #32
 23c:	000080b4 	strheq	r8, [r0], -r4
 240:	00000000 	andeq	r0, r0, r0
 244:	002c0044 	eoreq	r0, ip, r4, asr #32
 248:	000080b8 	strheq	r8, [r0], -r8
 24c:	00000000 	andeq	r0, r0, r0
 250:	002d0044 	eoreq	r0, sp, r4, asr #32
 254:	000080bc 	strheq	r8, [r0], -ip
 258:	00000000 	andeq	r0, r0, r0
 25c:	002e0044 	eoreq	r0, lr, r4, asr #32
 260:	000080c0 	andeq	r8, r0, r0, asr #1
 264:	00000000 	andeq	r0, r0, r0
 268:	002f0044 	eoreq	r0, pc, r4, asr #32
 26c:	000080c4 	andeq	r8, r0, r4, asr #1
 270:	00000000 	andeq	r0, r0, r0
 274:	00300044 	eorseq	r0, r0, r4, asr #32
 278:	000080c8 	andeq	r8, r0, r8, asr #1
 27c:	00000013 	andeq	r0, r0, r3, lsl r0
 280:	00000064 	andeq	r0, r0, r4, rrx
 284:	000080d8 	ldrdeq	r8, [r0], -r8
 288:	0000005c 	andeq	r0, r0, ip, asr r0
 28c:	00000064 	andeq	r0, r0, r4, rrx
 290:	000080d8 	ldrdeq	r8, [r0], -r8
 294:	00000000 	andeq	r0, r0, r0
 298:	001d0044 	andseq	r0, sp, r4, asr #32
 29c:	000080d8 	ldrdeq	r8, [r0], -r8
 2a0:	00000000 	andeq	r0, r0, r0
 2a4:	001f0044 	andseq	r0, pc, r4, asr #32
 2a8:	000080dc 	ldrdeq	r8, [r0], -ip
 2ac:	00000000 	andeq	r0, r0, r0
 2b0:	00200044 	eoreq	r0, r0, r4, asr #32
 2b4:	000080e0 	andeq	r8, r0, r0, ror #1
 2b8:	00000000 	andeq	r0, r0, r0
 2bc:	00210044 	eoreq	r0, r1, r4, asr #32
 2c0:	000080e4 	andeq	r8, r0, r4, ror #1
 2c4:	00000000 	andeq	r0, r0, r0
 2c8:	00220044 	eoreq	r0, r2, r4, asr #32
 2cc:	000080e8 	andeq	r8, r0, r8, ror #1
 2d0:	00000000 	andeq	r0, r0, r0
 2d4:	00230044 	eoreq	r0, r3, r4, asr #32
 2d8:	000080ec 	andeq	r8, r0, ip, ror #1
 2dc:	00000000 	andeq	r0, r0, r0
 2e0:	00250044 	eoreq	r0, r5, r4, asr #32
 2e4:	000080f0 	strdeq	r8, [r0], -r0
 2e8:	00000000 	andeq	r0, r0, r0
 2ec:	00270044 	eoreq	r0, r7, r4, asr #32
 2f0:	000080f4 	strdeq	r8, [r0], -r4
 2f4:	00000000 	andeq	r0, r0, r0
 2f8:	00290044 	eoreq	r0, r9, r4, asr #32
 2fc:	000080f8 	strdeq	r8, [r0], -r8
 300:	00000000 	andeq	r0, r0, r0
 304:	002b0044 	eoreq	r0, fp, r4, asr #32
 308:	000080fc 	strdeq	r8, [r0], -ip
 30c:	00000000 	andeq	r0, r0, r0
 310:	002d0044 	eoreq	r0, sp, r4, asr #32
 314:	00008100 	andeq	r8, r0, r0, lsl #2
 318:	00000000 	andeq	r0, r0, r0
 31c:	002f0044 	eoreq	r0, pc, r4, asr #32
 320:	00008104 	andeq	r8, r0, r4, lsl #2
 324:	00000000 	andeq	r0, r0, r0
 328:	00300044 	eorseq	r0, r0, r4, asr #32
 32c:	00008108 	andeq	r8, r0, r8, lsl #2
 330:	00000013 	andeq	r0, r0, r3, lsl r0
 334:	00000064 	andeq	r0, r0, r4, rrx
 338:	0000811c 	andeq	r8, r0, ip, lsl r1
 33c:	00000064 	andeq	r0, r0, r4, rrx
 340:	00000064 	andeq	r0, r0, r4, rrx
 344:	0000811c 	andeq	r8, r0, ip, lsl r1
 348:	00000000 	andeq	r0, r0, r0
 34c:	000a0044 	andeq	r0, sl, r4, asr #32
 350:	0000811c 	andeq	r8, r0, ip, lsl r1
 354:	00000000 	andeq	r0, r0, r0
 358:	000b0044 	andeq	r0, fp, r4, asr #32
 35c:	00008120 	andeq	r8, r0, r0, lsr #2
 360:	00000000 	andeq	r0, r0, r0
 364:	000c0044 	andeq	r0, ip, r4, asr #32
 368:	00008124 	andeq	r8, r0, r4, lsr #2
 36c:	00000000 	andeq	r0, r0, r0
 370:	000d0044 	andeq	r0, sp, r4, asr #32
 374:	00008128 	andeq	r8, r0, r8, lsr #2
 378:	00000000 	andeq	r0, r0, r0
 37c:	00120044 	andseq	r0, r2, r4, asr #32
 380:	0000812c 	andeq	r8, r0, ip, lsr #2
 384:	00000000 	andeq	r0, r0, r0
 388:	00130044 	andseq	r0, r3, r4, asr #32
 38c:	00008130 	andeq	r8, r0, r0, lsr r1
 390:	00000000 	andeq	r0, r0, r0
 394:	00140044 	andseq	r0, r4, r4, asr #32
 398:	00008134 	andeq	r8, r0, r4, lsr r1
 39c:	00000000 	andeq	r0, r0, r0
 3a0:	00150044 	andseq	r0, r5, r4, asr #32
 3a4:	00008138 	andeq	r8, r0, r8, lsr r1
 3a8:	00000000 	andeq	r0, r0, r0
 3ac:	00160044 	andseq	r0, r6, r4, asr #32
 3b0:	0000813c 	andeq	r8, r0, ip, lsr r1
 3b4:	00000000 	andeq	r0, r0, r0
 3b8:	00170044 	andseq	r0, r7, r4, asr #32
 3bc:	00008140 	andeq	r8, r0, r0, asr #2
 3c0:	00000000 	andeq	r0, r0, r0
 3c4:	00180044 	andseq	r0, r8, r4, asr #32
 3c8:	00008144 	andeq	r8, r0, r4, asr #2
 3cc:	00000000 	andeq	r0, r0, r0
 3d0:	00190044 	andseq	r0, r9, r4, asr #32
 3d4:	00008148 	andeq	r8, r0, r8, asr #2
 3d8:	00000000 	andeq	r0, r0, r0
 3dc:	001a0044 	andseq	r0, sl, r4, asr #32
 3e0:	0000814c 	andeq	r8, r0, ip, asr #2
 3e4:	00000000 	andeq	r0, r0, r0
 3e8:	001b0044 	andseq	r0, fp, r4, asr #32
 3ec:	00008150 	andeq	r8, r0, r0, asr r1
 3f0:	00000000 	andeq	r0, r0, r0
 3f4:	001c0044 	andseq	r0, ip, r4, asr #32
 3f8:	00008154 	andeq	r8, r0, r4, asr r1
 3fc:	00000000 	andeq	r0, r0, r0
 400:	001f0044 	andseq	r0, pc, r4, asr #32
 404:	00008158 	andeq	r8, r0, r8, asr r1
 408:	00000000 	andeq	r0, r0, r0
 40c:	00200044 	eoreq	r0, r0, r4, asr #32
 410:	0000815c 	andeq	r8, r0, ip, asr r1
 414:	00000000 	andeq	r0, r0, r0
 418:	00210044 	eoreq	r0, r1, r4, asr #32
 41c:	00008160 	andeq	r8, r0, r0, ror #2
 420:	00000000 	andeq	r0, r0, r0
 424:	00220044 	eoreq	r0, r2, r4, asr #32
 428:	00008164 	andeq	r8, r0, r4, ror #2
 42c:	00000013 	andeq	r0, r0, r3, lsl r0
 430:	00000064 	andeq	r0, r0, r4, rrx
 434:	00008174 	andeq	r8, r0, r4, ror r1
 438:	00000070 	andeq	r0, r0, r0, ror r0
 43c:	00000064 	andeq	r0, r0, r4, rrx
 440:	00008174 	andeq	r8, r0, r4, ror r1
 444:	00000000 	andeq	r0, r0, r0
 448:	00030044 	andeq	r0, r3, r4, asr #32
 44c:	00008174 	andeq	r8, r0, r4, ror r1
 450:	00000000 	andeq	r0, r0, r0
 454:	00040044 	andeq	r0, r4, r4, asr #32
 458:	00008178 	andeq	r8, r0, r8, ror r1
 45c:	00000000 	andeq	r0, r0, r0
 460:	00050044 	andeq	r0, r5, r4, asr #32
 464:	0000817c 	andeq	r8, r0, ip, ror r1
 468:	00000000 	andeq	r0, r0, r0
 46c:	00060044 	andeq	r0, r6, r4, asr #32
 470:	00008180 	andeq	r8, r0, r0, lsl #3
 474:	00000000 	andeq	r0, r0, r0
 478:	00070044 	andeq	r0, r7, r4, asr #32
 47c:	00008184 	andeq	r8, r0, r4, lsl #3
 480:	00000000 	andeq	r0, r0, r0
 484:	00080044 	andeq	r0, r8, r4, asr #32
 488:	00008188 	andeq	r8, r0, r8, lsl #3
 48c:	00000000 	andeq	r0, r0, r0
 490:	00090044 	andeq	r0, r9, r4, asr #32
 494:	0000818c 	andeq	r8, r0, ip, lsl #3
 498:	00000000 	andeq	r0, r0, r0
 49c:	000a0044 	andeq	r0, sl, r4, asr #32
 4a0:	00008190 	muleq	r0, r0, r1
 4a4:	00000000 	andeq	r0, r0, r0
 4a8:	00150044 	andseq	r0, r5, r4, asr #32
 4ac:	000081b4 	undefined instruction 0x000081b4
 4b0:	00000000 	andeq	r0, r0, r0
 4b4:	00160044 	andseq	r0, r6, r4, asr #32
 4b8:	000081b8 	undefined instruction 0x000081b8
 4bc:	00000000 	andeq	r0, r0, r0
 4c0:	00180044 	andseq	r0, r8, r4, asr #32
 4c4:	000081bc 	undefined instruction 0x000081bc
 4c8:	00000000 	andeq	r0, r0, r0
 4cc:	001d0044 	andseq	r0, sp, r4, asr #32
 4d0:	000081c0 	andeq	r8, r0, r0, asr #3

Disassembly of section .stabstr:

00000000 <.stabstr>:
   0:	6d697400 	cfstrdvs	mvd7, [r9]
   4:	695f7265 	ldmdbvs	pc, {r0, r2, r5, r6, r9, ip, sp, lr}^
   8:	7265746e 	rsbvc	r7, r5, #1845493760	; 0x6e000000
   c:	74707572 	ldrbtvc	r7, [r0], #-1394	; 0x572
  10:	2f00732e 	svccs	0x0000732e
  14:	656d6f68 	strbvs	r6, [sp, #-3944]!	; 0xf68
  18:	6573752f 	ldrbvs	r7, [r3, #-1327]!	; 0x52f
  1c:	72442f72 	subvc	r2, r4, #456	; 0x1c8
  20:	6f62706f 	svcvs	0x0062706f
  24:	69672f78 	stmdbvs	r7!, {r3, r4, r5, r6, r8, r9, sl, fp, sp}^
  28:	62756874 	rsbsvs	r6, r5, #7602176	; 0x740000
  2c:	7361522f 	cmnvc	r1, #-268435454	; 0xf0000002
  30:	72656270 	rsbvc	r6, r5, #7
  34:	69507972 	ldmdbvs	r0, {r1, r4, r5, r6, r8, fp, ip, sp, lr}^
  38:	6d69742f 	cfstrdvs	mvd7, [r9, #-188]!	; 0xffffff44
  3c:	695f7265 	ldmdbvs	pc, {r0, r2, r5, r6, r9, ip, sp, lr}^
  40:	7265746e 	rsbvc	r7, r5, #1845493760	; 0x6e000000
  44:	74707572 	ldrbtvc	r7, [r0], #-1394	; 0x572
  48:	6d73612f 	ldfvse	f6, [r3, #-188]!	; 0xffffff44
  4c:	7265765f 	rsbvc	r7, r5, #99614720	; 0x5f00000
  50:	6e6f6973 	mcrvs	9, 3, r6, cr15, cr3, {3}
  54:	656c002f 	strbvs	r0, [ip, #-47]!	; 0x2f
  58:	00732e64 	rsbseq	r2, r3, r4, ror #28
  5c:	656d6974 	strbvs	r6, [sp, #-2420]!	; 0x974
  60:	00732e72 	rsbseq	r2, r3, r2, ror lr
  64:	65746e69 	ldrbvs	r6, [r4, #-3689]!	; 0xe69
  68:	70757272 	rsbsvc	r7, r5, r2, ror r2
  6c:	00732e74 	rsbseq	r2, r3, r4, ror lr
  70:	72617473 	rsbvc	r7, r1, #1929379840	; 0x73000000
  74:	00732e74 	rsbseq	r2, r3, r4, ror lr
